<?xml version="1.0" encoding="UTF-8"?>
<testsuite xmlns:xsi="http://www.w3.org/2001/XMLSchema-instance" xsi:noNamespaceSchemaLocation="https://maven.apache.org/surefire/maven-surefire-plugin/xsd/surefire-test-report.xsd" name="Package_test.AppTest" time="0.045" tests="3" errors="0" skipped="0" failures="0">
  <properties>
[...]
</properties>
  <testcase name="shouldAnswerWithTrue" classname="Package_test.AppTest" time="0.002"/>
  <testcase name="preparationPupils" classname="Package_test.AppTest" time="0.003"/>
  <testcase name="processOrder" classname="Package_test.AppTest" time="0.004"/>
</testsuite>